<?xml version="1.0" encoding="UTF-8"?>
<!-- Generated by org.testng.reporters.JUnitReportReporter -->
<testsuite skipped="0" hostname="DESKTOP-DKKHSAV" name="selenium.TestNG.Examples.parameterizationExample" tests="3" failures="0" timestamp="09 Jun 2021 08:57:01 GMT" time="0.040" errors="0">
  <testcase name="dologin" time="0.003" classname="selenium.TestNG.Examples.parameterizationExample"/>
  <testcase name="dologin" time="0.018" classname="selenium.TestNG.Examples.parameterizationExample"/>
  <testcase name="dologin" time="0.019" classname="selenium.TestNG.Examples.parameterizationExample"/>
</testsuite> <!-- selenium.TestNG.Examples.parameterizationExample -->
