<?xml version="1.0" encoding="UTF-8"?>
<!-- Generated by org.testng.reporters.JUnitReportReporter -->
<testsuite skipped="0" hostname="DESKTOP-DKKHSAV" name="testNG.Parameterization.multipleDataprovider" tests="9" failures="0" timestamp="10 Jun 2021 02:28:02 GMT" time="0.031" errors="0">
  <testcase name="TestUserReg" time="0.003" classname="testNG.Parameterization.multipleDataprovider"/>
  <testcase name="TestUserLogin" time="0.012" classname="testNG.Parameterization.multipleDataprovider"/>
  <testcase name="TestUserLogin" time="0.006" classname="testNG.Parameterization.multipleDataprovider"/>
  <testcase name="TestUserReg" time="0.001" classname="testNG.Parameterization.multipleDataprovider"/>
  <testcase name="TestUserLogin" time="0.003" classname="testNG.Parameterization.multipleDataprovider"/>
  <testcase name="TestUserLogin" time="0.002" classname="testNG.Parameterization.multipleDataprovider"/>
  <testcase name="TestUserReg" time="0.001" classname="testNG.Parameterization.multipleDataprovider"/>
  <testcase name="TestUserLogin" time="0.002" classname="testNG.Parameterization.multipleDataprovider"/>
  <testcase name="TestUserReg" time="0.001" classname="testNG.Parameterization.multipleDataprovider"/>
</testsuite> <!-- testNG.Parameterization.multipleDataprovider -->
