<?xml version="1.0" encoding="UTF-8"?>
<!-- Generated by org.testng.reporters.JUnitReportReporter -->
<testsuite skipped="0" hostname="DESKTOP-DKKHSAV" name="testNG.Parameterization.ParamaterizationExamples" tests="5" failures="0" timestamp="10 Jun 2021 02:09:50 GMT" time="0.033" errors="0">
  <testcase name="TestUserLogin" time="0.025" classname="testNG.Parameterization.ParamaterizationExamples"/>
  <testcase name="TestUserLogin" time="0.004" classname="testNG.Parameterization.ParamaterizationExamples"/>
  <testcase name="TestUserLogin" time="0.001" classname="testNG.Parameterization.ParamaterizationExamples"/>
  <testcase name="TestUserLogin" time="0.001" classname="testNG.Parameterization.ParamaterizationExamples"/>
  <testcase name="TestUserLogin" time="0.002" classname="testNG.Parameterization.ParamaterizationExamples"/>
</testsuite> <!-- testNG.Parameterization.ParamaterizationExamples -->
