<?xml version="1.0" encoding="UTF-8"?>
<!-- Generated by org.testng.reporters.JUnitReportReporter -->
<testsuite skipped="0" hostname="DESKTOP-DKKHSAV" name="selenium.TestNG.Examples.Annations" tests="2" failures="0" timestamp="08 Jun 2021 17:17:08 GMT" time="0.007" errors="0">
  <testcase name="douserReg" time="0.002" classname="selenium.TestNG.Examples.Annations"/>
  <testcase name="dologin" time="0.005" classname="selenium.TestNG.Examples.Annations"/>
</testsuite> <!-- selenium.TestNG.Examples.Annations -->
